[19-Feb-2026 16:03:13 UTC] An Error occurred while handling another error:
yii\base\InvalidConfigException: craft\web\Request::cookieValidationKey must be configured with a secret key. in C:\laragon\www\e2-prod\vendor\yiisoft\yii2\web\Request.php:1755
Stack trace:
#0 C:\laragon\www\e2-prod\vendor\yiisoft\yii2\web\Request.php(1737): yii\web\Request->loadCookies()
#1 C:\laragon\www\e2-prod\vendor\yiisoft\yii2\web\Request.php(1829): yii\web\Request->getCookies()
#2 C:\laragon\www\e2-prod\vendor\craftcms\cms\src\web\Request.php(1389): yii\web\Request->loadCsrfToken()
#3 C:\laragon\www\e2-prod\vendor\craftcms\cms\src\web\assets\cp\CpAsset.php(575): craft\web\Request->getCsrfToken()
#4 C:\laragon\www\e2-prod\vendor\craftcms\cms\src\web\assets\cp\CpAsset.php(109): craft\web\assets\cp\CpAsset->_craftData()
#5 C:\laragon\www\e2-prod\vendor\yiisoft\yii2\web\View.php(311): craft\web\assets\cp\CpAsset->registerAssetFiles(Object(craft\web\View))
#6 C:\laragon\www\e2-prod\vendor\craftcms\cms\src\web\View.php(2458): yii\web\View->registerAssetFiles('craft\\web\\asset...')
#7 C:\laragon\www\e2-prod\vendor\yiisoft\yii2\web\View.php(205): craft\web\View->registerAssetFiles('craft\\web\\asset...')
#8 C:\laragon\www\e2-prod\vendor\craftcms\cms\src\web\View.php(1598): yii\web\View->endBody()
#9 C:\laragon\www\e2-prod\storage\runtime\compiled_templates\f3\f32c8f98ee68fd0879e6858d24fb2bff.php(113): craft\web\View->endBody()
#10 C:\laragon\www\e2-prod\vendor\twig\twig\src\Template.php(402): __TwigTemplate_350d41383d92984798983dc2fe9e7454->doDisplay(Array, Array)
#11 C:\laragon\www\e2-prod\storage\runtime\compiled_templates\9b\9b8850f4e05efaf9e658da8e2f09c5d9.php(54): Twig\Template->yield(Array, Array)
#12 C:\laragon\www\e2-prod\vendor\twig\twig\src\Template.php(402): __TwigTemplate_2f85e01cb7a39a789402b585e724f4c4->doDisplay(Array, Array)
#13 C:\laragon\www\e2-prod\storage\runtime\compiled_templates\ff\ffc6cc597cbec27f71b6e2966117febd.php(53): Twig\Template->yield(Array, Array)
#14 C:\laragon\www\e2-prod\vendor\twig\twig\src\Template.php(402): __TwigTemplate_9dd31c0ec9f1203ef8761f08d8ab865c->doDisplay(Array, Array)
#15 C:\laragon\www\e2-prod\vendor\twig\twig\src\Template.php(358): Twig\Template->yield(Array, Array)
#16 C:\laragon\www\e2-prod\vendor\twig\twig\src\Template.php(373): Twig\Template->display(Array)
#17 C:\laragon\www\e2-prod\vendor\twig\twig\src\TemplateWrapper.php(51): Twig\Template->render(Array)
#18 C:\laragon\www\e2-prod\vendor\twig\twig\src\Environment.php(333): Twig\TemplateWrapper->render(Array)
#19 C:\laragon\www\e2-prod\vendor\craftcms\cms\src\web\View.php(590): Twig\Environment->render('503', Array)
#20 C:\laragon\www\e2-prod\vendor\craftcms\cms\src\web\View.php(662): craft\web\View->renderTemplate('503', Array)
#21 C:\laragon\www\e2-prod\vendor\craftcms\cms\src\web\TemplateResponseFormatter.php(57): craft\web\View->renderPageTemplate('503', Array, 'cp')
#22 C:\laragon\www\e2-prod\vendor\yiisoft\yii2\web\Response.php(1111): craft\web\TemplateResponseFormatter->format(Object(craft\web\Response))
#23 C:\laragon\www\e2-prod\vendor\craftcms\cms\src\web\Response.php(358): yii\web\Response->prepare()
#24 C:\laragon\www\e2-prod\vendor\yiisoft\yii2\web\Response.php(339): craft\web\Response->prepare()
#25 C:\laragon\www\e2-prod\vendor\yiisoft\yii2\web\ErrorHandler.php(138): yii\web\Response->send()
#26 C:\laragon\www\e2-prod\vendor\craftcms\cms\src\web\ErrorHandler.php(225): yii\web\ErrorHandler->renderException(Object(craft\web\ServiceUnavailableHttpException))
#27 C:\laragon\www\e2-prod\vendor\yiisoft\yii2\base\ErrorHandler.php(151): craft\web\ErrorHandler->renderException(Object(craft\web\ServiceUnavailableHttpException))
#28 C:\laragon\www\e2-prod\vendor\craftcms\cms\src\web\ErrorHandler.php(102): yii\base\ErrorHandler->handleException(Object(craft\web\ServiceUnavailableHttpException))
#29 [internal function]: craft\web\ErrorHandler->handleException(Object(craft\web\ServiceUnavailableHttpException))
#30 {main}

Next Twig\Error\RuntimeError: An exception has been thrown during the rendering of a template ("craft\web\Request::cookieValidationKey must be configured with a secret key.") in "_layouts/base" at line 62. in C:\laragon\www\e2-prod\vendor\craftcms\cms\src\templates\_layouts\base.twig:62
Stack trace:
#0 C:\laragon\www\e2-prod\storage\runtime\compiled_templates\9b\9b8850f4e05efaf9e658da8e2f09c5d9.php(54): Twig\Template->yield(Array, Array)
#1 C:\laragon\www\e2-prod\vendor\twig\twig\src\Template.php(402): __TwigTemplate_2f85e01cb7a39a789402b585e724f4c4->doDisplay(Array, Array)
#2 C:\laragon\www\e2-prod\storage\runtime\compiled_templates\ff\ffc6cc597cbec27f71b6e2966117febd.php(53): Twig\Template->yield(Array, Array)
#3 C:\laragon\www\e2-prod\vendor\twig\twig\src\Template.php(402): __TwigTemplate_9dd31c0ec9f1203ef8761f08d8ab865c->doDisplay(Array, Array)
#4 C:\laragon\www\e2-prod\vendor\twig\twig\src\Template.php(358): Twig\Template->yield(Array, Array)
#5 C:\laragon\www\e2-prod\vendor\twig\twig\src\Template.php(373): Twig\Template->display(Array)
#6 C:\laragon\www\e2-prod\vendor\twig\twig\src\TemplateWrapper.php(51): Twig\Template->render(Array)
#7 C:\laragon\www\e2-prod\vendor\twig\twig\src\Environment.php(333): Twig\TemplateWrapper->render(Array)
#8 C:\laragon\www\e2-prod\vendor\craftcms\cms\src\web\View.php(590): Twig\Environment->render('503', Array)
#9 C:\laragon\www\e2-prod\vendor\craftcms\cms\src\web\View.php(662): craft\web\View->renderTemplate('503', Array)
#10 C:\laragon\www\e2-prod\vendor\craftcms\cms\src\web\TemplateResponseFormatter.php(57): craft\web\View->renderPageTemplate('503', Array, 'cp')
#11 C:\laragon\www\e2-prod\vendor\yiisoft\yii2\web\Response.php(1111): craft\web\TemplateResponseFormatter->format(Object(craft\web\Response))
#12 C:\laragon\www\e2-prod\vendor\craftcms\cms\src\web\Response.php(358): yii\web\Response->prepare()
#13 C:\laragon\www\e2-prod\vendor\yiisoft\yii2\web\Response.php(339): craft\web\Response->prepare()
#14 C:\laragon\www\e2-prod\vendor\yiisoft\yii2\web\ErrorHandler.php(138): yii\web\Response->send()
#15 C:\laragon\www\e2-prod\vendor\craftcms\cms\src\web\ErrorHandler.php(225): yii\web\ErrorHandler->renderException(Object(craft\web\ServiceUnavailableHttpException))
#16 C:\laragon\www\e2-prod\vendor\yiisoft\yii2\base\ErrorHandler.php(151): craft\web\ErrorHandler->renderException(Object(craft\web\ServiceUnavailableHttpException))
#17 C:\laragon\www\e2-prod\vendor\craftcms\cms\src\web\ErrorHandler.php(102): yii\base\ErrorHandler->handleException(Object(craft\web\ServiceUnavailableHttpException))
#18 [internal function]: craft\web\ErrorHandler->handleException(Object(craft\web\ServiceUnavailableHttpException))
#19 {main}
Previous exception:
craft\web\ServiceUnavailableHttpException in C:\laragon\www\e2-prod\vendor\craftcms\cms\src\web\Application.php:634
Stack trace:
#0 C:\laragon\www\e2-prod\vendor\craftcms\cms\src\web\Application.php(230): craft\web\Application->_processInstallRequest(Object(craft\web\Request))
#1 C:\laragon\www\e2-prod\vendor\yiisoft\yii2\base\Application.php(391): craft\web\Application->handleRequest(Object(craft\web\Request))
#2 C:\laragon\www\e2-prod\web\index.php(12): yii\base\Application->run()
#3 {main}
[19-Feb-2026 16:03:15 UTC] An Error occurred while handling another error:
yii\base\InvalidConfigException: craft\web\Request::cookieValidationKey must be configured with a secret key. in C:\laragon\www\e2-prod\vendor\yiisoft\yii2\web\Request.php:1755
Stack trace:
#0 C:\laragon\www\e2-prod\vendor\yiisoft\yii2\web\Request.php(1737): yii\web\Request->loadCookies()
#1 C:\laragon\www\e2-prod\vendor\yiisoft\yii2\web\Request.php(1829): yii\web\Request->getCookies()
#2 C:\laragon\www\e2-prod\vendor\craftcms\cms\src\web\Request.php(1389): yii\web\Request->loadCsrfToken()
#3 C:\laragon\www\e2-prod\vendor\craftcms\cms\src\web\assets\cp\CpAsset.php(575): craft\web\Request->getCsrfToken()
#4 C:\laragon\www\e2-prod\vendor\craftcms\cms\src\web\assets\cp\CpAsset.php(109): craft\web\assets\cp\CpAsset->_craftData()
#5 C:\laragon\www\e2-prod\vendor\yiisoft\yii2\web\View.php(311): craft\web\assets\cp\CpAsset->registerAssetFiles(Object(craft\web\View))
#6 C:\laragon\www\e2-prod\vendor\craftcms\cms\src\web\View.php(2458): yii\web\View->registerAssetFiles('craft\\web\\asset...')
#7 C:\laragon\www\e2-prod\vendor\yiisoft\yii2\web\View.php(205): craft\web\View->registerAssetFiles('craft\\web\\asset...')
#8 C:\laragon\www\e2-prod\vendor\craftcms\cms\src\web\View.php(1598): yii\web\View->endBody()
#9 C:\laragon\www\e2-prod\storage\runtime\compiled_templates\f3\f32c8f98ee68fd0879e6858d24fb2bff.php(113): craft\web\View->endBody()
#10 C:\laragon\www\e2-prod\vendor\twig\twig\src\Template.php(402): __TwigTemplate_350d41383d92984798983dc2fe9e7454->doDisplay(Array, Array)
#11 C:\laragon\www\e2-prod\storage\runtime\compiled_templates\9b\9b8850f4e05efaf9e658da8e2f09c5d9.php(54): Twig\Template->yield(Array, Array)
#12 C:\laragon\www\e2-prod\vendor\twig\twig\src\Template.php(402): __TwigTemplate_2f85e01cb7a39a789402b585e724f4c4->doDisplay(Array, Array)
#13 C:\laragon\www\e2-prod\storage\runtime\compiled_templates\ff\ffc6cc597cbec27f71b6e2966117febd.php(53): Twig\Template->yield(Array, Array)
#14 C:\laragon\www\e2-prod\vendor\twig\twig\src\Template.php(402): __TwigTemplate_9dd31c0ec9f1203ef8761f08d8ab865c->doDisplay(Array, Array)
#15 C:\laragon\www\e2-prod\vendor\twig\twig\src\Template.php(358): Twig\Template->yield(Array, Array)
#16 C:\laragon\www\e2-prod\vendor\twig\twig\src\Template.php(373): Twig\Template->display(Array)
#17 C:\laragon\www\e2-prod\vendor\twig\twig\src\TemplateWrapper.php(51): Twig\Template->render(Array)
#18 C:\laragon\www\e2-prod\vendor\twig\twig\src\Environment.php(333): Twig\TemplateWrapper->render(Array)
#19 C:\laragon\www\e2-prod\vendor\craftcms\cms\src\web\View.php(590): Twig\Environment->render('503', Array)
#20 C:\laragon\www\e2-prod\vendor\craftcms\cms\src\web\View.php(662): craft\web\View->renderTemplate('503', Array)
#21 C:\laragon\www\e2-prod\vendor\craftcms\cms\src\web\TemplateResponseFormatter.php(57): craft\web\View->renderPageTemplate('503', Array, 'cp')
#22 C:\laragon\www\e2-prod\vendor\yiisoft\yii2\web\Response.php(1111): craft\web\TemplateResponseFormatter->format(Object(craft\web\Response))
#23 C:\laragon\www\e2-prod\vendor\craftcms\cms\src\web\Response.php(358): yii\web\Response->prepare()
#24 C:\laragon\www\e2-prod\vendor\yiisoft\yii2\web\Response.php(339): craft\web\Response->prepare()
#25 C:\laragon\www\e2-prod\vendor\yiisoft\yii2\web\ErrorHandler.php(138): yii\web\Response->send()
#26 C:\laragon\www\e2-prod\vendor\craftcms\cms\src\web\ErrorHandler.php(225): yii\web\ErrorHandler->renderException(Object(craft\web\ServiceUnavailableHttpException))
#27 C:\laragon\www\e2-prod\vendor\yiisoft\yii2\base\ErrorHandler.php(151): craft\web\ErrorHandler->renderException(Object(craft\web\ServiceUnavailableHttpException))
#28 C:\laragon\www\e2-prod\vendor\craftcms\cms\src\web\ErrorHandler.php(102): yii\base\ErrorHandler->handleException(Object(craft\web\ServiceUnavailableHttpException))
#29 [internal function]: craft\web\ErrorHandler->handleException(Object(craft\web\ServiceUnavailableHttpException))
#30 {main}

Next Twig\Error\RuntimeError: An exception has been thrown during the rendering of a template ("craft\web\Request::cookieValidationKey must be configured with a secret key.") in "_layouts/base" at line 62. in C:\laragon\www\e2-prod\vendor\craftcms\cms\src\templates\_layouts\base.twig:62
Stack trace:
#0 C:\laragon\www\e2-prod\storage\runtime\compiled_templates\9b\9b8850f4e05efaf9e658da8e2f09c5d9.php(54): Twig\Template->yield(Array, Array)
#1 C:\laragon\www\e2-prod\vendor\twig\twig\src\Template.php(402): __TwigTemplate_2f85e01cb7a39a789402b585e724f4c4->doDisplay(Array, Array)
#2 C:\laragon\www\e2-prod\storage\runtime\compiled_templates\ff\ffc6cc597cbec27f71b6e2966117febd.php(53): Twig\Template->yield(Array, Array)
#3 C:\laragon\www\e2-prod\vendor\twig\twig\src\Template.php(402): __TwigTemplate_9dd31c0ec9f1203ef8761f08d8ab865c->doDisplay(Array, Array)
#4 C:\laragon\www\e2-prod\vendor\twig\twig\src\Template.php(358): Twig\Template->yield(Array, Array)
#5 C:\laragon\www\e2-prod\vendor\twig\twig\src\Template.php(373): Twig\Template->display(Array)
#6 C:\laragon\www\e2-prod\vendor\twig\twig\src\TemplateWrapper.php(51): Twig\Template->render(Array)
#7 C:\laragon\www\e2-prod\vendor\twig\twig\src\Environment.php(333): Twig\TemplateWrapper->render(Array)
#8 C:\laragon\www\e2-prod\vendor\craftcms\cms\src\web\View.php(590): Twig\Environment->render('503', Array)
#9 C:\laragon\www\e2-prod\vendor\craftcms\cms\src\web\View.php(662): craft\web\View->renderTemplate('503', Array)
#10 C:\laragon\www\e2-prod\vendor\craftcms\cms\src\web\TemplateResponseFormatter.php(57): craft\web\View->renderPageTemplate('503', Array, 'cp')
#11 C:\laragon\www\e2-prod\vendor\yiisoft\yii2\web\Response.php(1111): craft\web\TemplateResponseFormatter->format(Object(craft\web\Response))
#12 C:\laragon\www\e2-prod\vendor\craftcms\cms\src\web\Response.php(358): yii\web\Response->prepare()
#13 C:\laragon\www\e2-prod\vendor\yiisoft\yii2\web\Response.php(339): craft\web\Response->prepare()
#14 C:\laragon\www\e2-prod\vendor\yiisoft\yii2\web\ErrorHandler.php(138): yii\web\Response->send()
#15 C:\laragon\www\e2-prod\vendor\craftcms\cms\src\web\ErrorHandler.php(225): yii\web\ErrorHandler->renderException(Object(craft\web\ServiceUnavailableHttpException))
#16 C:\laragon\www\e2-prod\vendor\yiisoft\yii2\base\ErrorHandler.php(151): craft\web\ErrorHandler->renderException(Object(craft\web\ServiceUnavailableHttpException))
#17 C:\laragon\www\e2-prod\vendor\craftcms\cms\src\web\ErrorHandler.php(102): yii\base\ErrorHandler->handleException(Object(craft\web\ServiceUnavailableHttpException))
#18 [internal function]: craft\web\ErrorHandler->handleException(Object(craft\web\ServiceUnavailableHttpException))
#19 {main}
Previous exception:
craft\web\ServiceUnavailableHttpException in C:\laragon\www\e2-prod\vendor\craftcms\cms\src\web\Application.php:634
Stack trace:
#0 C:\laragon\www\e2-prod\vendor\craftcms\cms\src\web\Application.php(230): craft\web\Application->_processInstallRequest(Object(craft\web\Request))
#1 C:\laragon\www\e2-prod\vendor\yiisoft\yii2\base\Application.php(391): craft\web\Application->handleRequest(Object(craft\web\Request))
#2 C:\laragon\www\e2-prod\web\index.php(12): yii\base\Application->run()
#3 {main}
[19-Feb-2026 16:03:18 UTC] An Error occurred while handling another error:
yii\base\InvalidConfigException: craft\web\Request::cookieValidationKey must be configured with a secret key. in C:\laragon\www\e2-prod\vendor\yiisoft\yii2\web\Request.php:1755
Stack trace:
#0 C:\laragon\www\e2-prod\vendor\yiisoft\yii2\web\Request.php(1737): yii\web\Request->loadCookies()
#1 C:\laragon\www\e2-prod\vendor\yiisoft\yii2\web\Request.php(1829): yii\web\Request->getCookies()
#2 C:\laragon\www\e2-prod\vendor\craftcms\cms\src\web\Request.php(1389): yii\web\Request->loadCsrfToken()
#3 C:\laragon\www\e2-prod\vendor\craftcms\cms\src\web\assets\cp\CpAsset.php(575): craft\web\Request->getCsrfToken()
#4 C:\laragon\www\e2-prod\vendor\craftcms\cms\src\web\assets\cp\CpAsset.php(109): craft\web\assets\cp\CpAsset->_craftData()
#5 C:\laragon\www\e2-prod\vendor\yiisoft\yii2\web\View.php(311): craft\web\assets\cp\CpAsset->registerAssetFiles(Object(craft\web\View))
#6 C:\laragon\www\e2-prod\vendor\craftcms\cms\src\web\View.php(2458): yii\web\View->registerAssetFiles('craft\\web\\asset...')
#7 C:\laragon\www\e2-prod\vendor\yiisoft\yii2\web\View.php(205): craft\web\View->registerAssetFiles('craft\\web\\asset...')
#8 C:\laragon\www\e2-prod\vendor\craftcms\cms\src\web\View.php(1598): yii\web\View->endBody()
#9 C:\laragon\www\e2-prod\storage\runtime\compiled_templates\f3\f32c8f98ee68fd0879e6858d24fb2bff.php(113): craft\web\View->endBody()
#10 C:\laragon\www\e2-prod\vendor\twig\twig\src\Template.php(402): __TwigTemplate_350d41383d92984798983dc2fe9e7454->doDisplay(Array, Array)
#11 C:\laragon\www\e2-prod\storage\runtime\compiled_templates\9b\9b8850f4e05efaf9e658da8e2f09c5d9.php(54): Twig\Template->yield(Array, Array)
#12 C:\laragon\www\e2-prod\vendor\twig\twig\src\Template.php(402): __TwigTemplate_2f85e01cb7a39a789402b585e724f4c4->doDisplay(Array, Array)
#13 C:\laragon\www\e2-prod\storage\runtime\compiled_templates\ff\ffc6cc597cbec27f71b6e2966117febd.php(53): Twig\Template->yield(Array, Array)
#14 C:\laragon\www\e2-prod\vendor\twig\twig\src\Template.php(402): __TwigTemplate_9dd31c0ec9f1203ef8761f08d8ab865c->doDisplay(Array, Array)
#15 C:\laragon\www\e2-prod\vendor\twig\twig\src\Template.php(358): Twig\Template->yield(Array, Array)
#16 C:\laragon\www\e2-prod\vendor\twig\twig\src\Template.php(373): Twig\Template->display(Array)
#17 C:\laragon\www\e2-prod\vendor\twig\twig\src\TemplateWrapper.php(51): Twig\Template->render(Array)
#18 C:\laragon\www\e2-prod\vendor\twig\twig\src\Environment.php(333): Twig\TemplateWrapper->render(Array)
#19 C:\laragon\www\e2-prod\vendor\craftcms\cms\src\web\View.php(590): Twig\Environment->render('503', Array)
#20 C:\laragon\www\e2-prod\vendor\craftcms\cms\src\web\View.php(662): craft\web\View->renderTemplate('503', Array)
#21 C:\laragon\www\e2-prod\vendor\craftcms\cms\src\web\TemplateResponseFormatter.php(57): craft\web\View->renderPageTemplate('503', Array, 'cp')
#22 C:\laragon\www\e2-prod\vendor\yiisoft\yii2\web\Response.php(1111): craft\web\TemplateResponseFormatter->format(Object(craft\web\Response))
#23 C:\laragon\www\e2-prod\vendor\craftcms\cms\src\web\Response.php(358): yii\web\Response->prepare()
#24 C:\laragon\www\e2-prod\vendor\yiisoft\yii2\web\Response.php(339): craft\web\Response->prepare()
#25 C:\laragon\www\e2-prod\vendor\yiisoft\yii2\web\ErrorHandler.php(138): yii\web\Response->send()
#26 C:\laragon\www\e2-prod\vendor\craftcms\cms\src\web\ErrorHandler.php(225): yii\web\ErrorHandler->renderException(Object(craft\web\ServiceUnavailableHttpException))
#27 C:\laragon\www\e2-prod\vendor\yiisoft\yii2\base\ErrorHandler.php(151): craft\web\ErrorHandler->renderException(Object(craft\web\ServiceUnavailableHttpException))
#28 C:\laragon\www\e2-prod\vendor\craftcms\cms\src\web\ErrorHandler.php(102): yii\base\ErrorHandler->handleException(Object(craft\web\ServiceUnavailableHttpException))
#29 [internal function]: craft\web\ErrorHandler->handleException(Object(craft\web\ServiceUnavailableHttpException))
#30 {main}

Next Twig\Error\RuntimeError: An exception has been thrown during the rendering of a template ("craft\web\Request::cookieValidationKey must be configured with a secret key.") in "_layouts/base" at line 62. in C:\laragon\www\e2-prod\vendor\craftcms\cms\src\templates\_layouts\base.twig:62
Stack trace:
#0 C:\laragon\www\e2-prod\storage\runtime\compiled_templates\9b\9b8850f4e05efaf9e658da8e2f09c5d9.php(54): Twig\Template->yield(Array, Array)
#1 C:\laragon\www\e2-prod\vendor\twig\twig\src\Template.php(402): __TwigTemplate_2f85e01cb7a39a789402b585e724f4c4->doDisplay(Array, Array)
#2 C:\laragon\www\e2-prod\storage\runtime\compiled_templates\ff\ffc6cc597cbec27f71b6e2966117febd.php(53): Twig\Template->yield(Array, Array)
#3 C:\laragon\www\e2-prod\vendor\twig\twig\src\Template.php(402): __TwigTemplate_9dd31c0ec9f1203ef8761f08d8ab865c->doDisplay(Array, Array)
#4 C:\laragon\www\e2-prod\vendor\twig\twig\src\Template.php(358): Twig\Template->yield(Array, Array)
#5 C:\laragon\www\e2-prod\vendor\twig\twig\src\Template.php(373): Twig\Template->display(Array)
#6 C:\laragon\www\e2-prod\vendor\twig\twig\src\TemplateWrapper.php(51): Twig\Template->render(Array)
#7 C:\laragon\www\e2-prod\vendor\twig\twig\src\Environment.php(333): Twig\TemplateWrapper->render(Array)
#8 C:\laragon\www\e2-prod\vendor\craftcms\cms\src\web\View.php(590): Twig\Environment->render('503', Array)
#9 C:\laragon\www\e2-prod\vendor\craftcms\cms\src\web\View.php(662): craft\web\View->renderTemplate('503', Array)
#10 C:\laragon\www\e2-prod\vendor\craftcms\cms\src\web\TemplateResponseFormatter.php(57): craft\web\View->renderPageTemplate('503', Array, 'cp')
#11 C:\laragon\www\e2-prod\vendor\yiisoft\yii2\web\Response.php(1111): craft\web\TemplateResponseFormatter->format(Object(craft\web\Response))
#12 C:\laragon\www\e2-prod\vendor\craftcms\cms\src\web\Response.php(358): yii\web\Response->prepare()
#13 C:\laragon\www\e2-prod\vendor\yiisoft\yii2\web\Response.php(339): craft\web\Response->prepare()
#14 C:\laragon\www\e2-prod\vendor\yiisoft\yii2\web\ErrorHandler.php(138): yii\web\Response->send()
#15 C:\laragon\www\e2-prod\vendor\craftcms\cms\src\web\ErrorHandler.php(225): yii\web\ErrorHandler->renderException(Object(craft\web\ServiceUnavailableHttpException))
#16 C:\laragon\www\e2-prod\vendor\yiisoft\yii2\base\ErrorHandler.php(151): craft\web\ErrorHandler->renderException(Object(craft\web\ServiceUnavailableHttpException))
#17 C:\laragon\www\e2-prod\vendor\craftcms\cms\src\web\ErrorHandler.php(102): yii\base\ErrorHandler->handleException(Object(craft\web\ServiceUnavailableHttpException))
#18 [internal function]: craft\web\ErrorHandler->handleException(Object(craft\web\ServiceUnavailableHttpException))
#19 {main}
Previous exception:
craft\web\ServiceUnavailableHttpException in C:\laragon\www\e2-prod\vendor\craftcms\cms\src\web\Application.php:634
Stack trace:
#0 C:\laragon\www\e2-prod\vendor\craftcms\cms\src\web\Application.php(230): craft\web\Application->_processInstallRequest(Object(craft\web\Request))
#1 C:\laragon\www\e2-prod\vendor\yiisoft\yii2\base\Application.php(391): craft\web\Application->handleRequest(Object(craft\web\Request))
#2 C:\laragon\www\e2-prod\web\index.php(12): yii\base\Application->run()
#3 {main}
[19-Feb-2026 16:03:25 UTC] An Error occurred while handling another error:
yii\base\InvalidConfigException: craft\web\Request::cookieValidationKey must be configured with a secret key. in C:\laragon\www\e2-prod\vendor\yiisoft\yii2\web\Request.php:1755
Stack trace:
#0 C:\laragon\www\e2-prod\vendor\yiisoft\yii2\web\Request.php(1737): yii\web\Request->loadCookies()
#1 C:\laragon\www\e2-prod\vendor\yiisoft\yii2\web\Request.php(1829): yii\web\Request->getCookies()
#2 C:\laragon\www\e2-prod\vendor\craftcms\cms\src\web\Request.php(1389): yii\web\Request->loadCsrfToken()
#3 C:\laragon\www\e2-prod\vendor\craftcms\cms\src\web\assets\cp\CpAsset.php(575): craft\web\Request->getCsrfToken()
#4 C:\laragon\www\e2-prod\vendor\craftcms\cms\src\web\assets\cp\CpAsset.php(109): craft\web\assets\cp\CpAsset->_craftData()
#5 C:\laragon\www\e2-prod\vendor\yiisoft\yii2\web\View.php(311): craft\web\assets\cp\CpAsset->registerAssetFiles(Object(craft\web\View))
#6 C:\laragon\www\e2-prod\vendor\craftcms\cms\src\web\View.php(2458): yii\web\View->registerAssetFiles('craft\\web\\asset...')
#7 C:\laragon\www\e2-prod\vendor\yiisoft\yii2\web\View.php(205): craft\web\View->registerAssetFiles('craft\\web\\asset...')
#8 C:\laragon\www\e2-prod\vendor\craftcms\cms\src\web\View.php(1598): yii\web\View->endBody()
#9 C:\laragon\www\e2-prod\storage\runtime\compiled_templates\f3\f32c8f98ee68fd0879e6858d24fb2bff.php(113): craft\web\View->endBody()
#10 C:\laragon\www\e2-prod\vendor\twig\twig\src\Template.php(402): __TwigTemplate_350d41383d92984798983dc2fe9e7454->doDisplay(Array, Array)
#11 C:\laragon\www\e2-prod\storage\runtime\compiled_templates\9b\9b8850f4e05efaf9e658da8e2f09c5d9.php(54): Twig\Template->yield(Array, Array)
#12 C:\laragon\www\e2-prod\vendor\twig\twig\src\Template.php(402): __TwigTemplate_2f85e01cb7a39a789402b585e724f4c4->doDisplay(Array, Array)
#13 C:\laragon\www\e2-prod\storage\runtime\compiled_templates\ff\ffc6cc597cbec27f71b6e2966117febd.php(53): Twig\Template->yield(Array, Array)
#14 C:\laragon\www\e2-prod\vendor\twig\twig\src\Template.php(402): __TwigTemplate_9dd31c0ec9f1203ef8761f08d8ab865c->doDisplay(Array, Array)
#15 C:\laragon\www\e2-prod\vendor\twig\twig\src\Template.php(358): Twig\Template->yield(Array, Array)
#16 C:\laragon\www\e2-prod\vendor\twig\twig\src\Template.php(373): Twig\Template->display(Array)
#17 C:\laragon\www\e2-prod\vendor\twig\twig\src\TemplateWrapper.php(51): Twig\Template->render(Array)
#18 C:\laragon\www\e2-prod\vendor\twig\twig\src\Environment.php(333): Twig\TemplateWrapper->render(Array)
#19 C:\laragon\www\e2-prod\vendor\craftcms\cms\src\web\View.php(590): Twig\Environment->render('503', Array)
#20 C:\laragon\www\e2-prod\vendor\craftcms\cms\src\web\View.php(662): craft\web\View->renderTemplate('503', Array)
#21 C:\laragon\www\e2-prod\vendor\craftcms\cms\src\web\TemplateResponseFormatter.php(57): craft\web\View->renderPageTemplate('503', Array, 'cp')
#22 C:\laragon\www\e2-prod\vendor\yiisoft\yii2\web\Response.php(1111): craft\web\TemplateResponseFormatter->format(Object(craft\web\Response))
#23 C:\laragon\www\e2-prod\vendor\craftcms\cms\src\web\Response.php(358): yii\web\Response->prepare()
#24 C:\laragon\www\e2-prod\vendor\yiisoft\yii2\web\Response.php(339): craft\web\Response->prepare()
#25 C:\laragon\www\e2-prod\vendor\yiisoft\yii2\web\ErrorHandler.php(138): yii\web\Response->send()
#26 C:\laragon\www\e2-prod\vendor\craftcms\cms\src\web\ErrorHandler.php(225): yii\web\ErrorHandler->renderException(Object(craft\web\ServiceUnavailableHttpException))
#27 C:\laragon\www\e2-prod\vendor\yiisoft\yii2\base\ErrorHandler.php(151): craft\web\ErrorHandler->renderException(Object(craft\web\ServiceUnavailableHttpException))
#28 C:\laragon\www\e2-prod\vendor\craftcms\cms\src\web\ErrorHandler.php(102): yii\base\ErrorHandler->handleException(Object(craft\web\ServiceUnavailableHttpException))
#29 [internal function]: craft\web\ErrorHandler->handleException(Object(craft\web\ServiceUnavailableHttpException))
#30 {main}

Next Twig\Error\RuntimeError: An exception has been thrown during the rendering of a template ("craft\web\Request::cookieValidationKey must be configured with a secret key.") in "_layouts/base" at line 62. in C:\laragon\www\e2-prod\vendor\craftcms\cms\src\templates\_layouts\base.twig:62
Stack trace:
#0 C:\laragon\www\e2-prod\storage\runtime\compiled_templates\9b\9b8850f4e05efaf9e658da8e2f09c5d9.php(54): Twig\Template->yield(Array, Array)
#1 C:\laragon\www\e2-prod\vendor\twig\twig\src\Template.php(402): __TwigTemplate_2f85e01cb7a39a789402b585e724f4c4->doDisplay(Array, Array)
#2 C:\laragon\www\e2-prod\storage\runtime\compiled_templates\ff\ffc6cc597cbec27f71b6e2966117febd.php(53): Twig\Template->yield(Array, Array)
#3 C:\laragon\www\e2-prod\vendor\twig\twig\src\Template.php(402): __TwigTemplate_9dd31c0ec9f1203ef8761f08d8ab865c->doDisplay(Array, Array)
#4 C:\laragon\www\e2-prod\vendor\twig\twig\src\Template.php(358): Twig\Template->yield(Array, Array)
#5 C:\laragon\www\e2-prod\vendor\twig\twig\src\Template.php(373): Twig\Template->display(Array)
#6 C:\laragon\www\e2-prod\vendor\twig\twig\src\TemplateWrapper.php(51): Twig\Template->render(Array)
#7 C:\laragon\www\e2-prod\vendor\twig\twig\src\Environment.php(333): Twig\TemplateWrapper->render(Array)
#8 C:\laragon\www\e2-prod\vendor\craftcms\cms\src\web\View.php(590): Twig\Environment->render('503', Array)
#9 C:\laragon\www\e2-prod\vendor\craftcms\cms\src\web\View.php(662): craft\web\View->renderTemplate('503', Array)
#10 C:\laragon\www\e2-prod\vendor\craftcms\cms\src\web\TemplateResponseFormatter.php(57): craft\web\View->renderPageTemplate('503', Array, 'cp')
#11 C:\laragon\www\e2-prod\vendor\yiisoft\yii2\web\Response.php(1111): craft\web\TemplateResponseFormatter->format(Object(craft\web\Response))
#12 C:\laragon\www\e2-prod\vendor\craftcms\cms\src\web\Response.php(358): yii\web\Response->prepare()
#13 C:\laragon\www\e2-prod\vendor\yiisoft\yii2\web\Response.php(339): craft\web\Response->prepare()
#14 C:\laragon\www\e2-prod\vendor\yiisoft\yii2\web\ErrorHandler.php(138): yii\web\Response->send()
#15 C:\laragon\www\e2-prod\vendor\craftcms\cms\src\web\ErrorHandler.php(225): yii\web\ErrorHandler->renderException(Object(craft\web\ServiceUnavailableHttpException))
#16 C:\laragon\www\e2-prod\vendor\yiisoft\yii2\base\ErrorHandler.php(151): craft\web\ErrorHandler->renderException(Object(craft\web\ServiceUnavailableHttpException))
#17 C:\laragon\www\e2-prod\vendor\craftcms\cms\src\web\ErrorHandler.php(102): yii\base\ErrorHandler->handleException(Object(craft\web\ServiceUnavailableHttpException))
#18 [internal function]: craft\web\ErrorHandler->handleException(Object(craft\web\ServiceUnavailableHttpException))
#19 {main}
Previous exception:
craft\web\ServiceUnavailableHttpException in C:\laragon\www\e2-prod\vendor\craftcms\cms\src\web\Application.php:634
Stack trace:
#0 C:\laragon\www\e2-prod\vendor\craftcms\cms\src\web\Application.php(230): craft\web\Application->_processInstallRequest(Object(craft\web\Request))
#1 C:\laragon\www\e2-prod\vendor\yiisoft\yii2\base\Application.php(391): craft\web\Application->handleRequest(Object(craft\web\Request))
#2 C:\laragon\www\e2-prod\web\index.php(12): yii\base\Application->run()
#3 {main}
[19-Feb-2026 16:03:36 UTC] An Error occurred while handling another error:
yii\base\InvalidConfigException: craft\web\Request::cookieValidationKey must be configured with a secret key. in C:\laragon\www\e2-prod\vendor\yiisoft\yii2\web\Request.php:1755
Stack trace:
#0 C:\laragon\www\e2-prod\vendor\yiisoft\yii2\web\Request.php(1737): yii\web\Request->loadCookies()
#1 C:\laragon\www\e2-prod\vendor\yiisoft\yii2\web\Request.php(1829): yii\web\Request->getCookies()
#2 C:\laragon\www\e2-prod\vendor\craftcms\cms\src\web\Request.php(1389): yii\web\Request->loadCsrfToken()
#3 C:\laragon\www\e2-prod\vendor\craftcms\cms\src\web\assets\cp\CpAsset.php(575): craft\web\Request->getCsrfToken()
#4 C:\laragon\www\e2-prod\vendor\craftcms\cms\src\web\assets\cp\CpAsset.php(109): craft\web\assets\cp\CpAsset->_craftData()
#5 C:\laragon\www\e2-prod\vendor\yiisoft\yii2\web\View.php(311): craft\web\assets\cp\CpAsset->registerAssetFiles(Object(craft\web\View))
#6 C:\laragon\www\e2-prod\vendor\craftcms\cms\src\web\View.php(2458): yii\web\View->registerAssetFiles('craft\\web\\asset...')
#7 C:\laragon\www\e2-prod\vendor\yiisoft\yii2\web\View.php(205): craft\web\View->registerAssetFiles('craft\\web\\asset...')
#8 C:\laragon\www\e2-prod\vendor\craftcms\cms\src\web\View.php(1598): yii\web\View->endBody()
#9 C:\laragon\www\e2-prod\storage\runtime\compiled_templates\f3\f32c8f98ee68fd0879e6858d24fb2bff.php(113): craft\web\View->endBody()
#10 C:\laragon\www\e2-prod\vendor\twig\twig\src\Template.php(402): __TwigTemplate_350d41383d92984798983dc2fe9e7454->doDisplay(Array, Array)
#11 C:\laragon\www\e2-prod\storage\runtime\compiled_templates\9b\9b8850f4e05efaf9e658da8e2f09c5d9.php(54): Twig\Template->yield(Array, Array)
#12 C:\laragon\www\e2-prod\vendor\twig\twig\src\Template.php(402): __TwigTemplate_2f85e01cb7a39a789402b585e724f4c4->doDisplay(Array, Array)
#13 C:\laragon\www\e2-prod\storage\runtime\compiled_templates\ff\ffc6cc597cbec27f71b6e2966117febd.php(53): Twig\Template->yield(Array, Array)
#14 C:\laragon\www\e2-prod\vendor\twig\twig\src\Template.php(402): __TwigTemplate_9dd31c0ec9f1203ef8761f08d8ab865c->doDisplay(Array, Array)
#15 C:\laragon\www\e2-prod\vendor\twig\twig\src\Template.php(358): Twig\Template->yield(Array, Array)
#16 C:\laragon\www\e2-prod\vendor\twig\twig\src\Template.php(373): Twig\Template->display(Array)
#17 C:\laragon\www\e2-prod\vendor\twig\twig\src\TemplateWrapper.php(51): Twig\Template->render(Array)
#18 C:\laragon\www\e2-prod\vendor\twig\twig\src\Environment.php(333): Twig\TemplateWrapper->render(Array)
#19 C:\laragon\www\e2-prod\vendor\craftcms\cms\src\web\View.php(590): Twig\Environment->render('503', Array)
#20 C:\laragon\www\e2-prod\vendor\craftcms\cms\src\web\View.php(662): craft\web\View->renderTemplate('503', Array)
#21 C:\laragon\www\e2-prod\vendor\craftcms\cms\src\web\TemplateResponseFormatter.php(57): craft\web\View->renderPageTemplate('503', Array, 'cp')
#22 C:\laragon\www\e2-prod\vendor\yiisoft\yii2\web\Response.php(1111): craft\web\TemplateResponseFormatter->format(Object(craft\web\Response))
#23 C:\laragon\www\e2-prod\vendor\craftcms\cms\src\web\Response.php(358): yii\web\Response->prepare()
#24 C:\laragon\www\e2-prod\vendor\yiisoft\yii2\web\Response.php(339): craft\web\Response->prepare()
#25 C:\laragon\www\e2-prod\vendor\yiisoft\yii2\web\ErrorHandler.php(138): yii\web\Response->send()
#26 C:\laragon\www\e2-prod\vendor\craftcms\cms\src\web\ErrorHandler.php(225): yii\web\ErrorHandler->renderException(Object(craft\web\ServiceUnavailableHttpException))
#27 C:\laragon\www\e2-prod\vendor\yiisoft\yii2\base\ErrorHandler.php(151): craft\web\ErrorHandler->renderException(Object(craft\web\ServiceUnavailableHttpException))
#28 C:\laragon\www\e2-prod\vendor\craftcms\cms\src\web\ErrorHandler.php(102): yii\base\ErrorHandler->handleException(Object(craft\web\ServiceUnavailableHttpException))
#29 [internal function]: craft\web\ErrorHandler->handleException(Object(craft\web\ServiceUnavailableHttpException))
#30 {main}

Next Twig\Error\RuntimeError: An exception has been thrown during the rendering of a template ("craft\web\Request::cookieValidationKey must be configured with a secret key.") in "_layouts/base" at line 62. in C:\laragon\www\e2-prod\vendor\craftcms\cms\src\templates\_layouts\base.twig:62
Stack trace:
#0 C:\laragon\www\e2-prod\storage\runtime\compiled_templates\9b\9b8850f4e05efaf9e658da8e2f09c5d9.php(54): Twig\Template->yield(Array, Array)
#1 C:\laragon\www\e2-prod\vendor\twig\twig\src\Template.php(402): __TwigTemplate_2f85e01cb7a39a789402b585e724f4c4->doDisplay(Array, Array)
#2 C:\laragon\www\e2-prod\storage\runtime\compiled_templates\ff\ffc6cc597cbec27f71b6e2966117febd.php(53): Twig\Template->yield(Array, Array)
#3 C:\laragon\www\e2-prod\vendor\twig\twig\src\Template.php(402): __TwigTemplate_9dd31c0ec9f1203ef8761f08d8ab865c->doDisplay(Array, Array)
#4 C:\laragon\www\e2-prod\vendor\twig\twig\src\Template.php(358): Twig\Template->yield(Array, Array)
#5 C:\laragon\www\e2-prod\vendor\twig\twig\src\Template.php(373): Twig\Template->display(Array)
#6 C:\laragon\www\e2-prod\vendor\twig\twig\src\TemplateWrapper.php(51): Twig\Template->render(Array)
#7 C:\laragon\www\e2-prod\vendor\twig\twig\src\Environment.php(333): Twig\TemplateWrapper->render(Array)
#8 C:\laragon\www\e2-prod\vendor\craftcms\cms\src\web\View.php(590): Twig\Environment->render('503', Array)
#9 C:\laragon\www\e2-prod\vendor\craftcms\cms\src\web\View.php(662): craft\web\View->renderTemplate('503', Array)
#10 C:\laragon\www\e2-prod\vendor\craftcms\cms\src\web\TemplateResponseFormatter.php(57): craft\web\View->renderPageTemplate('503', Array, 'cp')
#11 C:\laragon\www\e2-prod\vendor\yiisoft\yii2\web\Response.php(1111): craft\web\TemplateResponseFormatter->format(Object(craft\web\Response))
#12 C:\laragon\www\e2-prod\vendor\craftcms\cms\src\web\Response.php(358): yii\web\Response->prepare()
#13 C:\laragon\www\e2-prod\vendor\yiisoft\yii2\web\Response.php(339): craft\web\Response->prepare()
#14 C:\laragon\www\e2-prod\vendor\yiisoft\yii2\web\ErrorHandler.php(138): yii\web\Response->send()
#15 C:\laragon\www\e2-prod\vendor\craftcms\cms\src\web\ErrorHandler.php(225): yii\web\ErrorHandler->renderException(Object(craft\web\ServiceUnavailableHttpException))
#16 C:\laragon\www\e2-prod\vendor\yiisoft\yii2\base\ErrorHandler.php(151): craft\web\ErrorHandler->renderException(Object(craft\web\ServiceUnavailableHttpException))
#17 C:\laragon\www\e2-prod\vendor\craftcms\cms\src\web\ErrorHandler.php(102): yii\base\ErrorHandler->handleException(Object(craft\web\ServiceUnavailableHttpException))
#18 [internal function]: craft\web\ErrorHandler->handleException(Object(craft\web\ServiceUnavailableHttpException))
#19 {main}
Previous exception:
craft\web\ServiceUnavailableHttpException in C:\laragon\www\e2-prod\vendor\craftcms\cms\src\web\Application.php:634
Stack trace:
#0 C:\laragon\www\e2-prod\vendor\craftcms\cms\src\web\Application.php(230): craft\web\Application->_processInstallRequest(Object(craft\web\Request))
#1 C:\laragon\www\e2-prod\vendor\yiisoft\yii2\base\Application.php(391): craft\web\Application->handleRequest(Object(craft\web\Request))
#2 C:\laragon\www\e2-prod\web\index.php(12): yii\base\Application->run()
#3 {main}
[19-Feb-2026 16:04:28 UTC] An Error occurred while handling another error:
yii\base\InvalidConfigException: craft\web\Request::cookieValidationKey must be configured with a secret key. in C:\laragon\www\e2-prod\vendor\yiisoft\yii2\web\Request.php:1755
Stack trace:
#0 C:\laragon\www\e2-prod\vendor\yiisoft\yii2\web\Request.php(1737): yii\web\Request->loadCookies()
#1 C:\laragon\www\e2-prod\vendor\yiisoft\yii2\web\Request.php(1829): yii\web\Request->getCookies()
#2 C:\laragon\www\e2-prod\vendor\craftcms\cms\src\web\Request.php(1389): yii\web\Request->loadCsrfToken()
#3 C:\laragon\www\e2-prod\vendor\craftcms\cms\src\web\assets\cp\CpAsset.php(575): craft\web\Request->getCsrfToken()
#4 C:\laragon\www\e2-prod\vendor\craftcms\cms\src\web\assets\cp\CpAsset.php(109): craft\web\assets\cp\CpAsset->_craftData()
#5 C:\laragon\www\e2-prod\vendor\yiisoft\yii2\web\View.php(311): craft\web\assets\cp\CpAsset->registerAssetFiles(Object(craft\web\View))
#6 C:\laragon\www\e2-prod\vendor\craftcms\cms\src\web\View.php(2458): yii\web\View->registerAssetFiles('craft\\web\\asset...')
#7 C:\laragon\www\e2-prod\vendor\yiisoft\yii2\web\View.php(205): craft\web\View->registerAssetFiles('craft\\web\\asset...')
#8 C:\laragon\www\e2-prod\vendor\craftcms\cms\src\web\View.php(1598): yii\web\View->endBody()
#9 C:\laragon\www\e2-prod\storage\runtime\compiled_templates\f3\f32c8f98ee68fd0879e6858d24fb2bff.php(113): craft\web\View->endBody()
#10 C:\laragon\www\e2-prod\vendor\twig\twig\src\Template.php(402): __TwigTemplate_350d41383d92984798983dc2fe9e7454->doDisplay(Array, Array)
#11 C:\laragon\www\e2-prod\storage\runtime\compiled_templates\9b\9b8850f4e05efaf9e658da8e2f09c5d9.php(54): Twig\Template->yield(Array, Array)
#12 C:\laragon\www\e2-prod\vendor\twig\twig\src\Template.php(402): __TwigTemplate_2f85e01cb7a39a789402b585e724f4c4->doDisplay(Array, Array)
#13 C:\laragon\www\e2-prod\storage\runtime\compiled_templates\ff\ffc6cc597cbec27f71b6e2966117febd.php(53): Twig\Template->yield(Array, Array)
#14 C:\laragon\www\e2-prod\vendor\twig\twig\src\Template.php(402): __TwigTemplate_9dd31c0ec9f1203ef8761f08d8ab865c->doDisplay(Array, Array)
#15 C:\laragon\www\e2-prod\vendor\twig\twig\src\Template.php(358): Twig\Template->yield(Array, Array)
#16 C:\laragon\www\e2-prod\vendor\twig\twig\src\Template.php(373): Twig\Template->display(Array)
#17 C:\laragon\www\e2-prod\vendor\twig\twig\src\TemplateWrapper.php(51): Twig\Template->render(Array)
#18 C:\laragon\www\e2-prod\vendor\twig\twig\src\Environment.php(333): Twig\TemplateWrapper->render(Array)
#19 C:\laragon\www\e2-prod\vendor\craftcms\cms\src\web\View.php(590): Twig\Environment->render('503', Array)
#20 C:\laragon\www\e2-prod\vendor\craftcms\cms\src\web\View.php(662): craft\web\View->renderTemplate('503', Array)
#21 C:\laragon\www\e2-prod\vendor\craftcms\cms\src\web\TemplateResponseFormatter.php(57): craft\web\View->renderPageTemplate('503', Array, 'cp')
#22 C:\laragon\www\e2-prod\vendor\yiisoft\yii2\web\Response.php(1111): craft\web\TemplateResponseFormatter->format(Object(craft\web\Response))
#23 C:\laragon\www\e2-prod\vendor\craftcms\cms\src\web\Response.php(358): yii\web\Response->prepare()
#24 C:\laragon\www\e2-prod\vendor\yiisoft\yii2\web\Response.php(339): craft\web\Response->prepare()
#25 C:\laragon\www\e2-prod\vendor\yiisoft\yii2\web\ErrorHandler.php(138): yii\web\Response->send()
#26 C:\laragon\www\e2-prod\vendor\craftcms\cms\src\web\ErrorHandler.php(225): yii\web\ErrorHandler->renderException(Object(craft\web\ServiceUnavailableHttpException))
#27 C:\laragon\www\e2-prod\vendor\yiisoft\yii2\base\ErrorHandler.php(151): craft\web\ErrorHandler->renderException(Object(craft\web\ServiceUnavailableHttpException))
#28 C:\laragon\www\e2-prod\vendor\craftcms\cms\src\web\ErrorHandler.php(102): yii\base\ErrorHandler->handleException(Object(craft\web\ServiceUnavailableHttpException))
#29 [internal function]: craft\web\ErrorHandler->handleException(Object(craft\web\ServiceUnavailableHttpException))
#30 {main}

Next Twig\Error\RuntimeError: An exception has been thrown during the rendering of a template ("craft\web\Request::cookieValidationKey must be configured with a secret key.") in "_layouts/base" at line 62. in C:\laragon\www\e2-prod\vendor\craftcms\cms\src\templates\_layouts\base.twig:62
Stack trace:
#0 C:\laragon\www\e2-prod\storage\runtime\compiled_templates\9b\9b8850f4e05efaf9e658da8e2f09c5d9.php(54): Twig\Template->yield(Array, Array)
#1 C:\laragon\www\e2-prod\vendor\twig\twig\src\Template.php(402): __TwigTemplate_2f85e01cb7a39a789402b585e724f4c4->doDisplay(Array, Array)
#2 C:\laragon\www\e2-prod\storage\runtime\compiled_templates\ff\ffc6cc597cbec27f71b6e2966117febd.php(53): Twig\Template->yield(Array, Array)
#3 C:\laragon\www\e2-prod\vendor\twig\twig\src\Template.php(402): __TwigTemplate_9dd31c0ec9f1203ef8761f08d8ab865c->doDisplay(Array, Array)
#4 C:\laragon\www\e2-prod\vendor\twig\twig\src\Template.php(358): Twig\Template->yield(Array, Array)
#5 C:\laragon\www\e2-prod\vendor\twig\twig\src\Template.php(373): Twig\Template->display(Array)
#6 C:\laragon\www\e2-prod\vendor\twig\twig\src\TemplateWrapper.php(51): Twig\Template->render(Array)
#7 C:\laragon\www\e2-prod\vendor\twig\twig\src\Environment.php(333): Twig\TemplateWrapper->render(Array)
#8 C:\laragon\www\e2-prod\vendor\craftcms\cms\src\web\View.php(590): Twig\Environment->render('503', Array)
#9 C:\laragon\www\e2-prod\vendor\craftcms\cms\src\web\View.php(662): craft\web\View->renderTemplate('503', Array)
#10 C:\laragon\www\e2-prod\vendor\craftcms\cms\src\web\TemplateResponseFormatter.php(57): craft\web\View->renderPageTemplate('503', Array, 'cp')
#11 C:\laragon\www\e2-prod\vendor\yiisoft\yii2\web\Response.php(1111): craft\web\TemplateResponseFormatter->format(Object(craft\web\Response))
#12 C:\laragon\www\e2-prod\vendor\craftcms\cms\src\web\Response.php(358): yii\web\Response->prepare()
#13 C:\laragon\www\e2-prod\vendor\yiisoft\yii2\web\Response.php(339): craft\web\Response->prepare()
#14 C:\laragon\www\e2-prod\vendor\yiisoft\yii2\web\ErrorHandler.php(138): yii\web\Response->send()
#15 C:\laragon\www\e2-prod\vendor\craftcms\cms\src\web\ErrorHandler.php(225): yii\web\ErrorHandler->renderException(Object(craft\web\ServiceUnavailableHttpException))
#16 C:\laragon\www\e2-prod\vendor\yiisoft\yii2\base\ErrorHandler.php(151): craft\web\ErrorHandler->renderException(Object(craft\web\ServiceUnavailableHttpException))
#17 C:\laragon\www\e2-prod\vendor\craftcms\cms\src\web\ErrorHandler.php(102): yii\base\ErrorHandler->handleException(Object(craft\web\ServiceUnavailableHttpException))
#18 [internal function]: craft\web\ErrorHandler->handleException(Object(craft\web\ServiceUnavailableHttpException))
#19 {main}
Previous exception:
craft\web\ServiceUnavailableHttpException in C:\laragon\www\e2-prod\vendor\craftcms\cms\src\web\Application.php:634
Stack trace:
#0 C:\laragon\www\e2-prod\vendor\craftcms\cms\src\web\Application.php(230): craft\web\Application->_processInstallRequest(Object(craft\web\Request))
#1 C:\laragon\www\e2-prod\vendor\yiisoft\yii2\base\Application.php(391): craft\web\Application->handleRequest(Object(craft\web\Request))
#2 C:\laragon\www\e2-prod\web\index.php(12): yii\base\Application->run()
#3 {main}
